2005.11.08 14:23 B C:\Program Files\Apache Group\Apache\htdocs\images\portfolio\banner1.gif --> ftp.guanaco.co.za /old wwwroot/images/portfolio banner1.gif
2005.11.08 14:23 B C:\Program Files\Apache Group\Apache\htdocs\images\portfolio\banner1.psd --> ftp.guanaco.co.za /old wwwroot/images/portfolio banner1.psd
2005.11.08 14:23 B C:\Program Files\Apache Group\Apache\htdocs\images\portfolio\banner2.gif --> ftp.guanaco.co.za /old wwwroot/images/portfolio banner2.gif
2005.11.08 14:23 B C:\Program Files\Apache Group\Apache\htdocs\images\portfolio\banner3.gif --> ftp.guanaco.co.za /old wwwroot/images/portfolio banner3.gif
2005.11.08 14:23 B C:\Program Files\Apache Group\Apache\htdocs\images\portfolio\banner4.gif --> ftp.guanaco.co.za /old wwwroot/images/portfolio banner4.gif
2005.11.08 14:23 B C:\Program Files\Apache Group\Apache\htdocs\images\portfolio\banner5.gif --> ftp.guanaco.co.za /old wwwroot/images/portfolio banner5.gif
2005.11.08 14:23 B C:\Program Files\Apache Group\Apache\htdocs\images\portfolio\bob1.jpg --> ftp.guanaco.co.za /old wwwroot/images/portfolio bob1.jpg
2005.11.08 14:23 B C:\Program Files\Apache Group\Apache\htdocs\images\portfolio\bob2.jpg --> ftp.guanaco.co.za /old wwwroot/images/portfolio bob2.jpg
2005.11.08 14:23 B C:\Program Files\Apache Group\Apache\htdocs\images\portfolio\c2c1.jpg --> ftp.guanaco.co.za /old wwwroot/images/portfolio c2c1.jpg
2005.11.08 14:23 B C:\Program Files\Apache Group\Apache\htdocs\images\portfolio\c2c2.jpg --> ftp.guanaco.co.za /old wwwroot/images/portfolio c2c2.jpg
2005.11.08 14:23 B C:\Program Files\Apache Group\Apache\htdocs\images\portfolio\cbg02.jpg --> ftp.guanaco.co.za /old wwwroot/images/portfolio cbg02.jpg
2005.11.08 14:24 B C:\Program Files\Apache Group\Apache\htdocs\images\portfolio\cbg02in.jpg --> ftp.guanaco.co.za /old wwwroot/images/portfolio cbg02in.jpg
2005.11.08 14:24 B C:\Program Files\Apache Group\Apache\htdocs\images\portfolio\cbg04.jpg --> ftp.guanaco.co.za /old wwwroot/images/portfolio cbg04.jpg
2005.11.08 14:24 B C:\Program Files\Apache Group\Apache\htdocs\images\portfolio\cbg04in.jpg --> ftp.guanaco.co.za /old wwwroot/images/portfolio cbg04in.jpg
2005.11.08 14:24 B C:\Program Files\Apache Group\Apache\htdocs\images\portfolio\fq1.jpg --> ftp.guanaco.co.za /old wwwroot/images/portfolio fq1.jpg
2005.11.08 14:24 B C:\Program Files\Apache Group\Apache\htdocs\images\portfolio\fq2.jpg --> ftp.guanaco.co.za /old wwwroot/images/portfolio fq2.jpg
2005.11.08 14:24 B C:\Program Files\Apache Group\Apache\htdocs\images\portfolio\fq3.jpg --> ftp.guanaco.co.za /old wwwroot/images/portfolio fq3.jpg
2005.11.08 14:24 B C:\Program Files\Apache Group\Apache\htdocs\images\portfolio\invite1.jpg --> ftp.guanaco.co.za /old wwwroot/images/portfolio invite1.jpg
2005.11.08 14:24 B C:\Program Files\Apache Group\Apache\htdocs\images\portfolio\invite2.jpg --> ftp.guanaco.co.za /old wwwroot/images/portfolio invite2.jpg
2005.11.08 14:24 B C:\Program Files\Apache Group\Apache\htdocs\images\portfolio\invite3.jpg --> ftp.guanaco.co.za /old wwwroot/images/portfolio invite3.jpg
2005.11.08 14:24 B C:\Program Files\Apache Group\Apache\htdocs\images\portfolio\invite4.gif --> ftp.guanaco.co.za /old wwwroot/images/portfolio invite4.gif
2005.11.08 14:24 B C:\Program Files\Apache Group\Apache\htdocs\images\portfolio\mainfade.gif --> ftp.guanaco.co.za /old wwwroot/images/portfolio mainfade.gif
2005.11.08 14:24 B C:\Program Files\Apache Group\Apache\htdocs\images\portfolio\pc01.jpg --> ftp.guanaco.co.za /old wwwroot/images/portfolio pc01.jpg
2005.11.08 14:24 B C:\Program Files\Apache Group\Apache\htdocs\images\portfolio\pc01in.jpg --> ftp.guanaco.co.za /old wwwroot/images/portfolio pc01in.jpg
2005.11.08 14:24 B C:\Program Files\Apache Group\Apache\htdocs\images\portfolio\pc02.jpg --> ftp.guanaco.co.za /old wwwroot/images/portfolio pc02.jpg
2005.11.08 14:24 B C:\Program Files\Apache Group\Apache\htdocs\images\portfolio\pc02in.jpg --> ftp.guanaco.co.za /old wwwroot/images/portfolio pc02in.jpg
2005.11.08 14:24 B C:\Program Files\Apache Group\Apache\htdocs\images\portfolio\pc03.jpg --> ftp.guanaco.co.za /old wwwroot/images/portfolio pc03.jpg
2005.11.08 14:24 B C:\Program Files\Apache Group\Apache\htdocs\images\portfolio\pc03in.jpg --> ftp.guanaco.co.za /old wwwroot/images/portfolio pc03in.jpg
2005.11.08 14:24 B C:\Program Files\Apache Group\Apache\htdocs\images\portfolio\pc04.jpg --> ftp.guanaco.co.za /old wwwroot/images/portfolio pc04.jpg
2005.11.08 14:24 B C:\Program Files\Apache Group\Apache\htdocs\images\portfolio\pc04in.jpg --> ftp.guanaco.co.za /old wwwroot/images/portfolio pc04in.jpg
2005.11.08 14:24 B C:\Program Files\Apache Group\Apache\htdocs\images\portfolio\poster1.gif --> ftp.guanaco.co.za /old wwwroot/images/portfolio poster1.gif
2005.11.08 14:24 B C:\Program Files\Apache Group\Apache\htdocs\images\portfolio\poster2.gif --> ftp.guanaco.co.za /old wwwroot/images/portfolio poster2.gif
2005.11.08 14:24 B C:\Program Files\Apache Group\Apache\htdocs\images\portfolio\poster3.gif --> ftp.guanaco.co.za /old wwwroot/images/portfolio poster3.gif
2005.11.08 14:24 B C:\Program Files\Apache Group\Apache\htdocs\images\portfolio\poster4.gif --> ftp.guanaco.co.za /old wwwroot/images/portfolio poster4.gif
2005.11.08 14:24 B C:\Program Files\Apache Group\Apache\htdocs\images\portfolio\Thumbs.db --> ftp.guanaco.co.za /old wwwroot/images/portfolio Thumbs.db
